# JRE version: OpenJDK Runtime Environment (11.0.11+9) (build 11.0.11+9-b60-7590822)
# Java VM: OpenJDK 64-Bit Server VM (11.0.11+9-b60-7590822, mixed mode, tiered, compressed oops, g1 gc, windows-amd64)
Heap:
 garbage-first heap   total 195584K, used 118585K [0x00000000a0000000, 0x0000000100000000)
  region size 1024K, 3 young (3072K), 3 survivors (3072K)
 Metaspace       used 84535K, capacity 86442K, committed 86656K, reserved 1124352K
  class space    used 10404K, capacity 11035K, committed 11136K, reserved 1048576K
GC Heap History (20 events):
Event: 28.459 GC heap after
{Heap after GC invocations=38 (full 0):
 garbage-first heap   total 157696K, used 78259K [0x00000000a0000000, 0x0000000100000000)
  region size 1024K, 1 young (1024K), 1 survivors (1024K)
 Metaspace       used 75578K, capacity 77243K, committed 77312K, reserved 1116160K
  class space    used 9393K, capacity 9956K, committed 9984K, reserved 1048576K
}
Event: 28.492 GC heap before
{Heap before GC invocations=38 (full 0):
 garbage-first heap   total 157696K, used 84403K [0x00000000a0000000, 0x0000000100000000)
  region size 1024K, 7 young (7168K), 1 survivors (1024K)
 Metaspace       used 75578K, capacity 77243K, committed 77312K, reserved 1116160K
  class space    used 9393K, capacity 9956K, committed 9984K, reserved 1048576K
}
Event: 28.494 GC heap after
{Heap after GC invocations=39 (full 0):
 garbage-first heap   total 157696K, used 76247K [0x00000000a0000000, 0x0000000100000000)
  region size 1024K, 1 young (1024K), 1 survivors (1024K)
 Metaspace       used 75578K, capacity 77243K, committed 77312K, reserved 1116160K
  class space    used 9393K, capacity 9956K, committed 9984K, reserved 1048576K
}
Event: 28.775 GC heap before
{Heap before GC invocations=39 (full 0):
 garbage-first heap   total 157696K, used 116183K [0x00000000a0000000, 0x0000000100000000)
  region size 1024K, 40 young (40960K), 1 survivors (1024K)
 Metaspace       used 75582K, capacity 77243K, committed 77312K, reserved 1116160K
  class space    used 9393K, capacity 9956K, committed 9984K, reserved 1048576K
}
Event: 28.779 GC heap after
{Heap after GC invocations=40 (full 0):
 garbage-first heap   total 157696K, used 76538K [0x00000000a0000000, 0x0000000100000000)
  region size 1024K, 1 young (1024K), 1 survivors (1024K)
 Metaspace       used 75582K, capacity 77243K, committed 77312K, reserved 1116160K
  class space    used 9393K, capacity 9956K, committed 9984K, reserved 1048576K
}
Event: 29.017 GC heap before
{Heap before GC invocations=41 (full 0):
 garbage-first heap   total 157696K, used 118522K [0x00000000a0000000, 0x0000000100000000)
  region size 1024K, 42 young (43008K), 1 survivors (1024K)
 Metaspace       used 75583K, capacity 77243K, committed 77312K, reserved 1116160K
  class space    used 9393K, capacity 9956K, committed 9984K, reserved 1048576K
}
Event: 29.019 GC heap after
{Heap after GC invocations=42 (full 0):
 garbage-first heap   total 157696K, used 76667K [0x00000000a0000000, 0x0000000100000000)
  region size 1024K, 1 young (1024K), 1 survivors (1024K)
 Metaspace       used 75583K, capacity 77243K, committed 77312K, reserved 1116160K
  class space    used 9393K, capacity 9956K, committed 9984K, reserved 1048576K
}
Event: 32.882 GC heap before
{Heap before GC invocations=42 (full 0):
 garbage-first heap   total 157696K, used 119675K [0x00000000a0000000, 0x0000000100000000)
  region size 1024K, 44 young (45056K), 1 survivors (1024K)
 Metaspace       used 78865K, capacity 80661K, committed 80896K, reserved 1120256K
  class space    used 9841K, capacity 10438K, committed 10496K, reserved 1048576K
}
Event: 32.891 GC heap after
{Heap after GC invocations=43 (full 0):
 garbage-first heap   total 157696K, used 76923K [0x00000000a0000000, 0x0000000100000000)
  region size 1024K, 2 young (2048K), 2 survivors (2048K)
 Metaspace       used 78865K, capacity 80661K, committed 80896K, reserved 1120256K
  class space    used 9841K, capacity 10438K, committed 10496K, reserved 1048576K
}
Event: 34.066 GC heap before
{Heap before GC invocations=44 (full 0):
 garbage-first heap   total 157696K, used 99451K [0x00000000a0000000, 0x0000000100000000)
  region size 1024K, 25 young (25600K), 2 survivors (2048K)
 Metaspace       used 82413K, capacity 84266K, committed 84352K, reserved 1122304K
  class space    used 10229K, capacity 10832K, committed 10880K, reserved 1048576K
}
Event: 34.096 GC heap after
{Heap after GC invocations=45 (full 0):
 garbage-first heap   total 157696K, used 81082K [0x00000000a0000000, 0x0000000100000000)
  region size 1024K, 6 young (6144K), 6 survivors (6144K)
 Metaspace       used 82413K, capacity 84266K, committed 84352K, reserved 1122304K
  class space    used 10229K, capacity 10832K, committed 10880K, reserved 1048576K
}
Event: 34.392 GC heap before
{Heap before GC invocations=46 (full 0):
 garbage-first heap   total 157696K, used 87226K [0x00000000a0000000, 0x0000000100000000)
  region size 1024K, 12 young (12288K), 6 survivors (6144K)
 Metaspace       used 82425K, capacity 84266K, committed 84352K, reserved 1122304K
  class space    used 10229K, capacity 10832K, committed 10880K, reserved 1048576K
}
Event: 34.435 GC heap after
{Heap after GC invocations=47 (full 0):
 garbage-first heap   total 157696K, used 82375K [0x00000000a0000000, 0x0000000100000000)
  region size 1024K, 2 young (2048K), 2 survivors (2048K)
 Metaspace       used 82425K, capacity 84266K, committed 84352K, reserved 1122304K
  class space    used 10229K, capacity 10832K, committed 10880K, reserved 1048576K
}
Event: 38.687 GC heap before
{Heap before GC invocations=48 (full 0):
 garbage-first heap   total 157696K, used 139719K [0x00000000a0000000, 0x0000000100000000)
  region size 1024K, 41 young (41984K), 2 survivors (2048K)
 Metaspace       used 83280K, capacity 85190K, committed 85504K, reserved 1124352K
  class space    used 10307K, capacity 10925K, committed 11008K, reserved 1048576K
}
Event: 38.708 GC heap after
{Heap after GC invocations=49 (full 0):
 garbage-first heap   total 157696K, used 98928K [0x00000000a0000000, 0x0000000100000000)
  region size 1024K, 6 young (6144K), 6 survivors (6144K)
 Metaspace       used 83280K, capacity 85190K, committed 85504K, reserved 1124352K
  class space    used 10307K, capacity 10925K, committed 11008K, reserved 1048576K
}
Event: 38.741 GC heap before
{Heap before GC invocations=49 (full 0):
 garbage-first heap   total 157696K, used 99952K [0x00000000a0000000, 0x0000000100000000)
  region size 1024K, 7 young (7168K), 6 survivors (6144K)
 Metaspace       used 83285K, capacity 85190K, committed 85504K, reserved 1124352K
  class space    used 10307K, capacity 10925K, committed 11008K, reserved 1048576K
}
Event: 38.754 GC heap after
{Heap after GC invocations=50 (full 0):
 garbage-first heap   total 157696K, used 98799K [0x00000000a0000000, 0x0000000100000000)
  region size 1024K, 1 young (1024K), 1 survivors (1024K)
 Metaspace       used 83285K, capacity 85190K, committed 85504K, reserved 1124352K
  class space    used 10307K, capacity 10925K, committed 11008K, reserved 1048576K
}
Event: 39.732 GC heap before
{Heap before GC invocations=50 (full 0):
 garbage-first heap   total 157696K, used 125423K [0x00000000a0000000, 0x0000000100000000)
  region size 1024K, 27 young (27648K), 1 survivors (1024K)
 Metaspace       used 83915K, capacity 85884K, committed 86016K, reserved 1124352K
  class space    used 10340K, capacity 11001K, committed 11008K, reserved 1048576K
}
Event: 39.766 GC heap after
{Heap after GC invocations=51 (full 0):
 garbage-first heap   total 157696K, used 111990K [0x00000000a0000000, 0x0000000100000000)
  region size 1024K, 4 young (4096K), 4 survivors (4096K)
 Metaspace       used 83915K, capacity 85884K, committed 86016K, reserved 1124352K
  class space    used 10340K, capacity 11001K, committed 11008K, reserved 1048576K
}
Event: 40.306 GC heap before
{Heap before GC invocations=52 (full 0):
 garbage-first heap   total 157696K, used 125302K [0x00000000a0000000, 0x0000000100000000)
  region size 1024K, 18 young (18432K), 4 survivors (4096K)
 Metaspace       used 84535K, capacity 86442K, committed 86656K, reserved 1124352K
  class space    used 10404K, capacity 11035K, committed 11136K, reserved 1048576K
}

